<?xml version="1.0" encoding="UTF-8"?>
<!-- Generated by org.testng.reporters.JUnitReportReporter -->
<testsuite hostname="LAPTOP-AAJOKUD0" failures="0" tests="1" name="runner.vidhansabhaKaryakartaRunner" time="664.942" errors="0" timestamp="2023-03-14T10:37:57 IST" skipped="0">
  <testcase classname="runner.vidhansabhaKaryakartaRunner" name="runScenario" time="664.942"/>
  <system-out/>
</testsuite> <!-- runner.vidhansabhaKaryakartaRunner -->
