<?xml version="1.0" encoding="UTF-8"?>
<!-- Generated by org.testng.reporters.JUnitReportReporter -->
<testsuite hostname="LAPTOP-AAJOKUD0" failures="0" tests="1" name="runner.pannaRunner" time="646.412" errors="0" timestamp="2023-03-17T18:15:34 IST" skipped="0">
  <testcase classname="runner.pannaRunner" name="runScenario" time="646.412"/>
  <system-out/>
</testsuite> <!-- runner.pannaRunner -->
